http://localhost:8000/api/v1/code/analyze
{
  "code": "import os\nfrom typing import List, Dict, Optional\nfrom datetime import datetime\nimport json\nfrom pathlib import Path\n\nclass DataProcessor:\n    def __init__(self, input_path: str, config: Dict = None):\n        self.input_path = Path(input_path)\n        self.config = config or {}\n        self.processed_count = 0\n        self._load_config()\n    \n    def _load_config(self) -> None:\n        if not self.config:\n            config_path = self.input_path / 'config.json'\n            if config_path.exists():\n                with open(config_path, 'r') as f:\n                    self.config = json.load(f)\n    \n    async def process_files(self, file_pattern: str = '*.txt') -> List[Dict]:\n        results = []\n        try:\n            for file_path in self.input_path.glob(file_pattern):\n                processed_data = await self._process_single_file(file_path)\n                if processed_data:\n                    results.extend(processed_data)\n                    self.processed_count += len(processed_data)\n        except Exception as e:\n            print(f'Error processing files: {str(e)}')\n            raise\n        return results\n    \n    async def _process_single_file(self, file_path: Path) -> Optional[List[Dict]]:\n        if not file_path.exists():\n            return None\n        \n        try:\n            with open(file_path, 'r') as f:\n                content = f.read()\n            \n            records = self._parse_content(content)\n            validated_records = self._validate_records(records)\n            \n            return validated_records\n        except Exception as e:\n            print(f'Error processing {file_path}: {str(e)}')\n            return None\n    \n    def _parse_content(self, content: str) -> List[Dict]:\n        records = []\n        for line in content.splitlines():\n            if line.strip():\n                try:\n                    record = json.loads(line)\n                    records.append(record)\n                except json.JSONDecodeError:\n                    continue\n        return records\n    \n    def _validate_records(self, records: List[Dict]) -> List[Dict]:\n        validated = []\n        required_fields = self.config.get('required_fields', [])\n        \n        for record in records:\n            if all(field in record for field in required_fields):\n                record['processed_at'] = datetime.now().isoformat()\n                validated.append(record)\n        \n        return validated\n\n    @property\n    def processing_stats(self) -> Dict:\n        return {\n            'total_processed': self.processed_count,\n            'config_settings': self.config,\n            'last_run': datetime.now().isoformat()\n        }\n",
  "context": " "
}

http://localhost:8000/api/v1/debug/debug
{
  "logs": "Traceback (most recent call last):\n  File \"/app/services/data_pipeline.py\", line 245, in process_batch\n    transformed_data = await self._transform_records(batch_data)\n  File \"/app/services/data_pipeline.py\", line 189, in _transform_records\n    validated_record = await self._validate_schema(record)\n  File \"/app/services/validator.py\", line 78, in _validate_schema\n    parsed_date = datetime.strptime(record['timestamp'], '%Y-%m-%dT%H:%M:%S.%fZ')\n  File \"/usr/local/lib/python3.9/datetime.py\", line 1463, in strptime\n    raise ValueError('time data does not match format')\nValueError: time data '2025-01-30T14:23:45.123XX' does not match format '%Y-%m-%dT%H:%M:%S.%fZ'\n\nThe above exception was the direct cause of the following exception:\n\nTraceback (most recent call last):\n  File \"/app/main.py\", line 156, in handle_batch\n    result = await pipeline.process_batch(batch)\n  File \"/app/services/data_pipeline.py\", line 248, in process_batch\n    raise DataProcessingError('Failed to process batch due to invalid timestamp format') from e\nDataProcessingError: Failed to process batch due to invalid timestamp format",
    "context": "",
    "type":"terminal_logs",
    "format":"text"
}